Traceback (most recent call last):
  File "C:\Users\asus\AppData\Local\Programs\Python\Python310\lib\site-packages\jupyter_cache\executors\utils.py", line 58, in single_nb_execution
    executenb(
  File "C:\Users\asus\AppData\Local\Programs\Python\Python310\lib\site-packages\nbclient\client.py", line 1204, in execute
    return NotebookClient(nb=nb, resources=resources, km=km, **kwargs).execute()
  File "C:\Users\asus\AppData\Local\Programs\Python\Python310\lib\site-packages\nbclient\util.py", line 84, in wrapped
    return just_run(coro(*args, **kwargs))
  File "C:\Users\asus\AppData\Local\Programs\Python\Python310\lib\site-packages\nbclient\util.py", line 62, in just_run
    return loop.run_until_complete(coro)
  File "C:\Users\asus\AppData\Local\Programs\Python\Python310\lib\asyncio\base_events.py", line 649, in run_until_complete
    return future.result()
  File "C:\Users\asus\AppData\Local\Programs\Python\Python310\lib\site-packages\nbclient\client.py", line 663, in async_execute
    await self.async_execute_cell(
  File "C:\Users\asus\AppData\Local\Programs\Python\Python310\lib\site-packages\nbclient\client.py", line 965, in async_execute_cell
    await self._check_raise_for_error(cell, cell_index, exec_reply)
  File "C:\Users\asus\AppData\Local\Programs\Python\Python310\lib\site-packages\nbclient\client.py", line 862, in _check_raise_for_error
    raise CellExecutionError.from_cell_and_msg(cell, exec_reply_content)
nbclient.exceptions.CellExecutionError: An error occurred while executing the following cell:
------------------
import os

# Daftar folder yang ingin Anda jelajahi
folders = ['YAF_sad', 'YAF_pleasant_surprised', 'YAF_neutral', 'YAF_happy', 'YAF_fear', 'YAF_disgust', 'YAF_angry',
           'OAF_Sad', 'OAF_Pleasant_surprise', 'OAF_neutral', 'OAF_happy', 'OAF_Fear', 'disgust', 'angry']

# Direktori utama tempat folder-folder ini ada

# Loop melalui setiap folder
for folder in folders:
    folder_path = os.path.join(base_directory, folder)

    # Periksa apakah folder tersebut ada
    if os.path.exists(folder_path):
        # Loop melalui file di dalam folder tersebut
        for root, dirs, files in os.walk(folder_path):
            for file in files:
                # Di sini, Anda dapat memproses file sesuai dengan kebutuhan Anda
                # Misalnya, mencetak jalur file
                file_path = os.path.join(root, file)
                print(file_path)
    else:
        print(f"Folder '{folder}' tidak ditemukan di {base_directory}")

------------------

[1;31m---------------------------------------------------------------------------[0m
[1;31mNameError[0m                                 Traceback (most recent call last)
Cell [1;32mIn[2], line 11[0m
[0;32m      7[0m [38;5;66;03m# Direktori utama tempat folder-folder ini ada[39;00m
[0;32m      8[0m 
[0;32m      9[0m [38;5;66;03m# Loop melalui setiap folder[39;00m
[0;32m     10[0m [38;5;28;01mfor[39;00m folder [38;5;129;01min[39;00m folders:
[1;32m---> 11[0m     folder_path [38;5;241m=[39m os[38;5;241m.[39mpath[38;5;241m.[39mjoin([43mbase_directory[49m, folder)
[0;32m     13[0m     [38;5;66;03m# Periksa apakah folder tersebut ada[39;00m
[0;32m     14[0m     [38;5;28;01mif[39;00m os[38;5;241m.[39mpath[38;5;241m.[39mexists(folder_path):
[0;32m     15[0m         [38;5;66;03m# Loop melalui file di dalam folder tersebut[39;00m

[1;31mNameError[0m: name 'base_directory' is not defined
NameError: name 'base_directory' is not defined

