Traceback (most recent call last):
  File "C:\Users\asus\AppData\Local\Programs\Python\Python310\lib\site-packages\jupyter_cache\executors\utils.py", line 58, in single_nb_execution
    executenb(
  File "C:\Users\asus\AppData\Local\Programs\Python\Python310\lib\site-packages\nbclient\client.py", line 1204, in execute
    return NotebookClient(nb=nb, resources=resources, km=km, **kwargs).execute()
  File "C:\Users\asus\AppData\Local\Programs\Python\Python310\lib\site-packages\nbclient\util.py", line 84, in wrapped
    return just_run(coro(*args, **kwargs))
  File "C:\Users\asus\AppData\Local\Programs\Python\Python310\lib\site-packages\nbclient\util.py", line 62, in just_run
    return loop.run_until_complete(coro)
  File "C:\Users\asus\AppData\Local\Programs\Python\Python310\lib\asyncio\base_events.py", line 649, in run_until_complete
    return future.result()
  File "C:\Users\asus\AppData\Local\Programs\Python\Python310\lib\site-packages\nbclient\client.py", line 663, in async_execute
    await self.async_execute_cell(
  File "C:\Users\asus\AppData\Local\Programs\Python\Python310\lib\site-packages\nbclient\client.py", line 965, in async_execute_cell
    await self._check_raise_for_error(cell, cell_index, exec_reply)
  File "C:\Users\asus\AppData\Local\Programs\Python\Python310\lib\site-packages\nbclient\client.py", line 862, in _check_raise_for_error
    raise CellExecutionError.from_cell_and_msg(cell, exec_reply_content)
nbclient.exceptions.CellExecutionError: An error occurred while executing the following cell:
------------------
# Membuat DataFrame dari data
columns =  ['Label', 'File'] + ['ZCR Mean', 'ZCR Median', 'ZCR Std Dev', 'ZCR Kurtosis', 'ZCR Skew', 'RMSE', 'RMSE Median', 'RMSE Std Dev', 'RMSE Kurtosis', 'RMSE Skew']
df = pd.DataFrame(wav_files, columns=columns)
------------------

[1;31m---------------------------------------------------------------------------[0m
[1;31mNameError[0m                                 Traceback (most recent call last)
Cell [1;32mIn[6], line 3[0m
[0;32m      1[0m [38;5;66;03m# Membuat DataFrame dari data[39;00m
[0;32m      2[0m columns [38;5;241m=[39m  [[38;5;124m'[39m[38;5;124mLabel[39m[38;5;124m'[39m, [38;5;124m'[39m[38;5;124mFile[39m[38;5;124m'[39m] [38;5;241m+[39m [[38;5;124m'[39m[38;5;124mZCR Mean[39m[38;5;124m'[39m, [38;5;124m'[39m[38;5;124mZCR Median[39m[38;5;124m'[39m, [38;5;124m'[39m[38;5;124mZCR Std Dev[39m[38;5;124m'[39m, [38;5;124m'[39m[38;5;124mZCR Kurtosis[39m[38;5;124m'[39m, [38;5;124m'[39m[38;5;124mZCR Skew[39m[38;5;124m'[39m, [38;5;124m'[39m[38;5;124mRMSE[39m[38;5;124m'[39m, [38;5;124m'[39m[38;5;124mRMSE Median[39m[38;5;124m'[39m, [38;5;124m'[39m[38;5;124mRMSE Std Dev[39m[38;5;124m'[39m, [38;5;124m'[39m[38;5;124mRMSE Kurtosis[39m[38;5;124m'[39m, [38;5;124m'[39m[38;5;124mRMSE Skew[39m[38;5;124m'[39m]
[1;32m----> 3[0m df [38;5;241m=[39m pd[38;5;241m.[39mDataFrame([43mwav_files[49m, columns[38;5;241m=[39mcolumns)

[1;31mNameError[0m: name 'wav_files' is not defined
NameError: name 'wav_files' is not defined

